c:\users\peter\desktop\programmingproject1\programmingproject1\debug\vc142.pdb
c:\users\peter\desktop\programmingproject1\programmingproject1\debug\vc142.idb
c:\users\peter\desktop\programmingproject1\programmingproject1\debug\weaponwheel.obj
c:\users\peter\desktop\programmingproject1\programmingproject1\debug\weaponnode.obj
c:\users\peter\desktop\programmingproject1\programmingproject1\debug\weapon.obj
c:\users\peter\desktop\programmingproject1\programmingproject1\debug\statebase.obj
c:\users\peter\desktop\programmingproject1\programmingproject1\debug\player.obj
c:\users\peter\desktop\programmingproject1\programmingproject1\debug\pausedmenu.obj
c:\users\peter\desktop\programmingproject1\programmingproject1\debug\missle.obj
c:\users\peter\desktop\programmingproject1\programmingproject1\debug\mainmenustate.obj
c:\users\peter\desktop\programmingproject1\programmingproject1\debug\main.obj
c:\users\peter\desktop\programmingproject1\programmingproject1\debug\gamestate.obj
c:\users\peter\desktop\programmingproject1\programmingproject1\debug\gameovermenu.obj
c:\users\peter\desktop\programmingproject1\programmingproject1\debug\game.obj
c:\users\peter\desktop\programmingproject1\programmingproject1\debug\enemy.obj
c:\users\peter\desktop\programmingproject1\programmingproject1\debug\difficultylist.obj
c:\users\peter\desktop\programmingproject1\programmingproject1\debug\buttoniterator.obj
c:\users\peter\desktop\programmingproject1\programmingproject1\debug\button.obj
c:\users\peter\desktop\programmingproject1\programmingproject1\debug\bullet.obj
c:\users\peter\desktop\programmingproject1\programmingproject1\debug\statestack.obj
c:\users\peter\desktop\programmingproject1\programmingproject1\debug\bomb.obj
c:\users\peter\desktop\programmingproject1\debug\programmingproject1.exe
c:\users\peter\desktop\programmingproject1\programmingproject1\debug\programmingproject1.ilk
c:\users\peter\desktop\programmingproject1\debug\programmingproject1.pdb
c:\users\peter\desktop\programmingproject1\programmingproject1\debug\programm.c9237c45.tlog\cl.command.1.tlog
c:\users\peter\desktop\programmingproject1\programmingproject1\debug\programm.c9237c45.tlog\cl.read.1.tlog
c:\users\peter\desktop\programmingproject1\programmingproject1\debug\programm.c9237c45.tlog\cl.write.1.tlog
c:\users\peter\desktop\programmingproject1\programmingproject1\debug\programm.c9237c45.tlog\link.command.1.tlog
c:\users\peter\desktop\programmingproject1\programmingproject1\debug\programm.c9237c45.tlog\link.read.1.tlog
c:\users\peter\desktop\programmingproject1\programmingproject1\debug\programm.c9237c45.tlog\link.write.1.tlog
