  Bomb.cpp
  Bullet.cpp
  Button.cpp
  ButtonIterator.cpp
  DifficultyList.cpp
  Enemy.cpp
  Entity.cpp
  Game.cpp
  GameOverMenu.cpp
  GameState.cpp
  main.cpp
  MainMenuState.cpp
  Missile.cpp
  PausedMenu.cpp
  Player.cpp
  PowerUps.cpp
  StateBase.cpp
  StateStack.cpp
  Weapon.cpp
  WeaponNode.cpp
  Generating Code...
  Compiling...
  WeaponWheel.cpp
  Generating Code...
  ProgrammingProject1.vcxproj -> C:\Users\peter\Desktop\Past Work\Degree Year 2 Sem 1\COS30008\COS30008 Project 1\COS30008_PP1_101226836_PeterTingTiewHieng\Debug\ProgrammingProject1.exe
